000 (026.000.000) 07/05 13:21:59 Job submitted from host: <10.128.0.2:9618?addrs=10.128.0.2-9618&noUDP&sock=1652_b68b_5>
...
000 (026.001.000) 07/05 13:21:59 Job submitted from host: <10.128.0.2:9618?addrs=10.128.0.2-9618&noUDP&sock=1652_b68b_5>
...
000 (026.002.000) 07/05 13:21:59 Job submitted from host: <10.128.0.2:9618?addrs=10.128.0.2-9618&noUDP&sock=1652_b68b_5>
...
000 (026.003.000) 07/05 13:21:59 Job submitted from host: <10.128.0.2:9618?addrs=10.128.0.2-9618&noUDP&sock=1652_b68b_5>
...
000 (026.004.000) 07/05 13:21:59 Job submitted from host: <10.128.0.2:9618?addrs=10.128.0.2-9618&noUDP&sock=1652_b68b_5>
...
001 (026.000.000) 07/05 13:21:59 Job executing on host: <10.128.0.2:9618?addrs=10.128.0.2-9618&noUDP&sock=1652_b68b_4>
...
001 (026.001.000) 07/05 13:21:59 Job executing on host: <10.128.0.2:9618?addrs=10.128.0.2-9618&noUDP&sock=1652_b68b_4>
...
006 (026.000.000) 07/05 13:22:08 Image size of job updated: 3115536
	1087  -  MemoryUsage of job (MB)
	1112280  -  ResidentSetSize of job (KB)
...
006 (026.001.000) 07/05 13:22:08 Image size of job updated: 3115536
	1087  -  MemoryUsage of job (MB)
	1113052  -  ResidentSetSize of job (KB)
...
006 (026.000.000) 07/05 13:22:16 Image size of job updated: 3115536
	1087  -  MemoryUsage of job (MB)
	1112792  -  ResidentSetSize of job (KB)
...
005 (026.000.000) 07/05 13:22:16 Job terminated.
	(1) Normal termination (return value 0)
		Usr 0 00:00:00, Sys 0 00:00:01  -  Run Remote Usage
		Usr 0 00:00:00, Sys 0 00:00:00  -  Run Local Usage
		Usr 0 00:00:00, Sys 0 00:00:01  -  Total Remote Usage
		Usr 0 00:00:00, Sys 0 00:00:00  -  Total Local Usage
	561  -  Run Bytes Sent By Job
	1163492  -  Run Bytes Received By Job
	561  -  Total Bytes Sent By Job
	1163492  -  Total Bytes Received By Job
	Partitionable Resources :    Usage  Request Allocated 
	   Cpus                 :     0.14        1         1 
	   Disk (KB)            :  1250        1250   8845056 
	   Memory (MB)          :  1087           1      1893 
...
001 (026.002.000) 07/05 13:22:16 Job executing on host: <10.128.0.2:9618?addrs=10.128.0.2-9618&noUDP&sock=1652_b68b_4>
...
006 (026.002.000) 07/05 13:22:24 Image size of job updated: 432892
	423  -  MemoryUsage of job (MB)
	432892  -  ResidentSetSize of job (KB)
...
005 (026.001.000) 07/05 13:22:33 Job terminated.
	(1) Normal termination (return value 0)
		Usr 0 00:00:00, Sys 0 00:00:02  -  Run Remote Usage
		Usr 0 00:00:00, Sys 0 00:00:00  -  Run Local Usage
		Usr 0 00:00:00, Sys 0 00:00:02  -  Total Remote Usage
		Usr 0 00:00:00, Sys 0 00:00:00  -  Total Local Usage
	566  -  Run Bytes Sent By Job
	1296293  -  Run Bytes Received By Job
	566  -  Total Bytes Sent By Job
	1296293  -  Total Bytes Received By Job
	Partitionable Resources :    Usage  Request Allocated 
	   Cpus                 :     0.11        1         1 
	   Disk (KB)            :  1500        1500   8845056 
	   Memory (MB)          :  1087           1      1893 
...
001 (026.003.000) 07/05 13:22:33 Job executing on host: <10.128.0.2:9618?addrs=10.128.0.2-9618&noUDP&sock=1652_b68b_4>
...
006 (026.003.000) 07/05 13:22:42 Image size of job updated: 443272
	433  -  MemoryUsage of job (MB)
	443272  -  ResidentSetSize of job (KB)
...
006 (026.002.000) 07/05 13:23:00 Image size of job updated: 3115536
	423  -  MemoryUsage of job (MB)
	432892  -  ResidentSetSize of job (KB)
...
005 (026.002.000) 07/05 13:23:00 Job terminated.
	(1) Normal termination (return value 0)
		Usr 0 00:00:00, Sys 0 00:00:01  -  Run Remote Usage
		Usr 0 00:00:00, Sys 0 00:00:00  -  Run Local Usage
		Usr 0 00:00:00, Sys 0 00:00:01  -  Total Remote Usage
		Usr 0 00:00:00, Sys 0 00:00:00  -  Total Local Usage
	566  -  Run Bytes Sent By Job
	1296293  -  Run Bytes Received By Job
	566  -  Total Bytes Sent By Job
	1296293  -  Total Bytes Received By Job
	Partitionable Resources :    Usage  Request Allocated 
	   Cpus                 :     0.05        1         1 
	   Disk (KB)            :  1500        1500   8845056 
	   Memory (MB)          :   423           1      1893 
...
001 (026.004.000) 07/05 13:23:01 Job executing on host: <10.128.0.2:9618?addrs=10.128.0.2-9618&noUDP&sock=1652_b68b_4>
...
006 (026.004.000) 07/05 13:23:10 Image size of job updated: 3115536
	475  -  MemoryUsage of job (MB)
	486132  -  ResidentSetSize of job (KB)
...
006 (026.003.000) 07/05 13:23:21 Image size of job updated: 3115536
	433  -  MemoryUsage of job (MB)
	443272  -  ResidentSetSize of job (KB)
...
005 (026.003.000) 07/05 13:23:21 Job terminated.
	(1) Normal termination (return value 0)
		Usr 0 00:00:00, Sys 0 00:00:01  -  Run Remote Usage
		Usr 0 00:00:00, Sys 0 00:00:00  -  Run Local Usage
		Usr 0 00:00:00, Sys 0 00:00:01  -  Total Remote Usage
		Usr 0 00:00:00, Sys 0 00:00:00  -  Total Local Usage
	566  -  Run Bytes Sent By Job
	1296293  -  Run Bytes Received By Job
	566  -  Total Bytes Sent By Job
	1296293  -  Total Bytes Received By Job
	Partitionable Resources :    Usage  Request Allocated 
	   Cpus                 :     0.05        1         1 
	   Disk (KB)            :  1500        1500   8845056 
	   Memory (MB)          :   433           1      1893 
...
005 (026.004.000) 07/05 13:23:38 Job terminated.
	(1) Normal termination (return value 0)
		Usr 0 00:00:00, Sys 0 00:00:01  -  Run Remote Usage
		Usr 0 00:00:00, Sys 0 00:00:00  -  Run Local Usage
		Usr 0 00:00:00, Sys 0 00:00:01  -  Total Remote Usage
		Usr 0 00:00:00, Sys 0 00:00:00  -  Total Local Usage
	30250  -  Run Bytes Sent By Job
	1296293  -  Run Bytes Received By Job
	30250  -  Total Bytes Sent By Job
	1296293  -  Total Bytes Received By Job
	Partitionable Resources :    Usage  Request Allocated 
	   Cpus                 :     0.06        1         1 
	   Disk (KB)            :  1500        1500   8845056 
	   Memory (MB)          :   475           1      1893 
...
