000 (029.000.000) 07/05 14:14:42 Job submitted from host: <10.128.0.2:9618?addrs=10.128.0.2-9618&noUDP&sock=1652_b68b_5>
...
001 (029.000.000) 07/05 14:14:42 Job executing on host: <10.128.0.2:9618?addrs=10.128.0.2-9618&noUDP&sock=1652_b68b_4>
...
006 (029.000.000) 07/05 14:14:50 Image size of job updated: 981296
	959  -  MemoryUsage of job (MB)
	981296  -  ResidentSetSize of job (KB)
...
006 (029.000.000) 07/05 14:15:07 Image size of job updated: 3115536
	959  -  MemoryUsage of job (MB)
	981296  -  ResidentSetSize of job (KB)
...
005 (029.000.000) 07/05 14:15:07 Job terminated.
	(1) Normal termination (return value 0)
		Usr 0 00:00:00, Sys 0 00:00:02  -  Run Remote Usage
		Usr 0 00:00:00, Sys 0 00:00:00  -  Run Local Usage
		Usr 0 00:00:00, Sys 0 00:00:02  -  Total Remote Usage
		Usr 0 00:00:00, Sys 0 00:00:00  -  Total Local Usage
	7877  -  Run Bytes Sent By Job
	1163557  -  Run Bytes Received By Job
	7877  -  Total Bytes Sent By Job
	1163557  -  Total Bytes Received By Job
	Partitionable Resources :    Usage  Request Allocated 
	   Cpus                 :        0        1         1 
	   Disk (KB)            :     1250     1250   8845056 
	   Memory (MB)          :      959        1      1893 
...
