000 (028.000.000) 07/05 13:57:28 Job submitted from host: <10.128.0.2:9618?addrs=10.128.0.2-9618&noUDP&sock=1652_b68b_5>
...
000 (028.001.000) 07/05 13:57:28 Job submitted from host: <10.128.0.2:9618?addrs=10.128.0.2-9618&noUDP&sock=1652_b68b_5>
...
000 (028.002.000) 07/05 13:57:28 Job submitted from host: <10.128.0.2:9618?addrs=10.128.0.2-9618&noUDP&sock=1652_b68b_5>
...
000 (028.003.000) 07/05 13:57:28 Job submitted from host: <10.128.0.2:9618?addrs=10.128.0.2-9618&noUDP&sock=1652_b68b_5>
...
000 (028.004.000) 07/05 13:57:28 Job submitted from host: <10.128.0.2:9618?addrs=10.128.0.2-9618&noUDP&sock=1652_b68b_5>
...
001 (028.000.000) 07/05 13:57:43 Job executing on host: <10.128.0.2:9618?addrs=10.128.0.2-9618&noUDP&sock=1652_b68b_4>
...
001 (028.001.000) 07/05 13:57:43 Job executing on host: <10.128.0.2:9618?addrs=10.128.0.2-9618&noUDP&sock=1652_b68b_4>
...
006 (028.000.000) 07/05 13:57:51 Image size of job updated: 973988
	952  -  MemoryUsage of job (MB)
	973988  -  ResidentSetSize of job (KB)
...
006 (028.001.000) 07/05 13:57:51 Image size of job updated: 980476
	958  -  MemoryUsage of job (MB)
	980476  -  ResidentSetSize of job (KB)
...
006 (028.001.000) 07/05 13:57:59 Image size of job updated: 1227004
	958  -  MemoryUsage of job (MB)
	980476  -  ResidentSetSize of job (KB)
...
005 (028.001.000) 07/05 13:57:59 Job terminated.
	(1) Normal termination (return value 0)
		Usr 0 00:00:00, Sys 0 00:00:03  -  Run Remote Usage
		Usr 0 00:00:00, Sys 0 00:00:00  -  Run Local Usage
		Usr 0 00:00:00, Sys 0 00:00:03  -  Total Remote Usage
		Usr 0 00:00:00, Sys 0 00:00:00  -  Total Local Usage
	581  -  Run Bytes Sent By Job
	1296358  -  Run Bytes Received By Job
	581  -  Total Bytes Sent By Job
	1296358  -  Total Bytes Received By Job
	Partitionable Resources :    Usage  Request Allocated 
	   Cpus                 :        0        1         1 
	   Disk (KB)            :     1500     1500   8845056 
	   Memory (MB)          :      958        1      1893 
...
001 (028.002.000) 07/05 13:58:00 Job executing on host: <10.128.0.2:9618?addrs=10.128.0.2-9618&noUDP&sock=1652_b68b_4>
...
006 (028.002.000) 07/05 13:58:09 Image size of job updated: 486132
	475  -  MemoryUsage of job (MB)
	486132  -  ResidentSetSize of job (KB)
...
006 (028.000.000) 07/05 13:58:17 Image size of job updated: 3115536
	952  -  MemoryUsage of job (MB)
	973988  -  ResidentSetSize of job (KB)
...
005 (028.000.000) 07/05 13:58:17 Job terminated.
	(1) Normal termination (return value 0)
		Usr 0 00:00:00, Sys 0 00:00:03  -  Run Remote Usage
		Usr 0 00:00:00, Sys 0 00:00:00  -  Run Local Usage
		Usr 0 00:00:00, Sys 0 00:00:03  -  Total Remote Usage
		Usr 0 00:00:00, Sys 0 00:00:00  -  Total Local Usage
	576  -  Run Bytes Sent By Job
	1163557  -  Run Bytes Received By Job
	576  -  Total Bytes Sent By Job
	1163557  -  Total Bytes Received By Job
	Partitionable Resources :    Usage  Request Allocated 
	   Cpus                 :     0.20        1         1 
	   Disk (KB)            :  1250        1250   8845056 
	   Memory (MB)          :   952           1      1893 
...
001 (028.003.000) 07/05 13:58:19 Job executing on host: <10.128.0.2:9618?addrs=10.128.0.2-9618&noUDP&sock=1652_b68b_4>
...
006 (028.003.000) 07/05 13:58:27 Image size of job updated: 420784
	411  -  MemoryUsage of job (MB)
	420784  -  ResidentSetSize of job (KB)
...
006 (028.002.000) 07/05 13:58:45 Image size of job updated: 3115536
	475  -  MemoryUsage of job (MB)
	486132  -  ResidentSetSize of job (KB)
...
005 (028.002.000) 07/05 13:58:45 Job terminated.
	(1) Normal termination (return value 0)
		Usr 0 00:00:00, Sys 0 00:00:01  -  Run Remote Usage
		Usr 0 00:00:00, Sys 0 00:00:00  -  Run Local Usage
		Usr 0 00:00:00, Sys 0 00:00:01  -  Total Remote Usage
		Usr 0 00:00:00, Sys 0 00:00:00  -  Total Local Usage
	581  -  Run Bytes Sent By Job
	1296358  -  Run Bytes Received By Job
	581  -  Total Bytes Sent By Job
	1296358  -  Total Bytes Received By Job
	Partitionable Resources :    Usage  Request Allocated 
	   Cpus                 :     0.06        1         1 
	   Disk (KB)            :  1500        1500   8845056 
	   Memory (MB)          :   475           1      1893 
...
001 (028.004.000) 07/05 13:58:46 Job executing on host: <10.128.0.2:9618?addrs=10.128.0.2-9618&noUDP&sock=1652_b68b_4>
...
006 (028.004.000) 07/05 13:58:54 Image size of job updated: 3115536
	417  -  MemoryUsage of job (MB)
	426016  -  ResidentSetSize of job (KB)
...
006 (028.003.000) 07/05 13:59:07 Image size of job updated: 3115536
	411  -  MemoryUsage of job (MB)
	420784  -  ResidentSetSize of job (KB)
...
005 (028.003.000) 07/05 13:59:07 Job terminated.
	(1) Normal termination (return value 0)
		Usr 0 00:00:00, Sys 0 00:00:01  -  Run Remote Usage
		Usr 0 00:00:00, Sys 0 00:00:00  -  Run Local Usage
		Usr 0 00:00:00, Sys 0 00:00:01  -  Total Remote Usage
		Usr 0 00:00:00, Sys 0 00:00:00  -  Total Local Usage
	581  -  Run Bytes Sent By Job
	1296358  -  Run Bytes Received By Job
	581  -  Total Bytes Sent By Job
	1296358  -  Total Bytes Received By Job
	Partitionable Resources :    Usage  Request Allocated 
	   Cpus                 :     0.05        1         1 
	   Disk (KB)            :  1500        1500   8845056 
	   Memory (MB)          :   411           1      1893 
...
005 (028.004.000) 07/05 13:59:24 Job terminated.
	(1) Normal termination (return value 0)
		Usr 0 00:00:00, Sys 0 00:00:01  -  Run Remote Usage
		Usr 0 00:00:00, Sys 0 00:00:00  -  Run Local Usage
		Usr 0 00:00:00, Sys 0 00:00:01  -  Total Remote Usage
		Usr 0 00:00:00, Sys 0 00:00:00  -  Total Local Usage
	30258  -  Run Bytes Sent By Job
	1296358  -  Run Bytes Received By Job
	30258  -  Total Bytes Sent By Job
	1296358  -  Total Bytes Received By Job
	Partitionable Resources :    Usage  Request Allocated 
	   Cpus                 :     0.04        1         1 
	   Disk (KB)            :  1500        1500   8845056 
	   Memory (MB)          :   417           1      1893 
...
