000 (037.000.000) 07/05 14:50:57 Job submitted from host: <10.128.0.2:9618?addrs=10.128.0.2-9618&noUDP&sock=1551_6f7a_5>
...
000 (037.001.000) 07/05 14:50:57 Job submitted from host: <10.128.0.2:9618?addrs=10.128.0.2-9618&noUDP&sock=1551_6f7a_5>
...
000 (037.002.000) 07/05 14:50:57 Job submitted from host: <10.128.0.2:9618?addrs=10.128.0.2-9618&noUDP&sock=1551_6f7a_5>
...
000 (037.003.000) 07/05 14:50:57 Job submitted from host: <10.128.0.2:9618?addrs=10.128.0.2-9618&noUDP&sock=1551_6f7a_5>
...
000 (037.004.000) 07/05 14:50:57 Job submitted from host: <10.128.0.2:9618?addrs=10.128.0.2-9618&noUDP&sock=1551_6f7a_5>
...
001 (037.000.000) 07/05 14:50:58 Job executing on host: <10.128.0.2:9618?addrs=10.128.0.2-9618&noUDP&sock=1551_6f7a_4>
...
001 (037.001.000) 07/05 14:50:58 Job executing on host: <10.128.0.2:9618?addrs=10.128.0.2-9618&noUDP&sock=1551_6f7a_4>
...
006 (037.000.000) 07/05 14:51:06 Image size of job updated: 1808876
	1767  -  MemoryUsage of job (MB)
	1808720  -  ResidentSetSize of job (KB)
...
006 (037.001.000) 07/05 14:51:06 Image size of job updated: 1811872
	1770  -  MemoryUsage of job (MB)
	1811872  -  ResidentSetSize of job (KB)
...
006 (037.000.000) 07/05 14:51:14 Image size of job updated: 3115536
	1767  -  MemoryUsage of job (MB)
	1808720  -  ResidentSetSize of job (KB)
...
005 (037.000.000) 07/05 14:51:14 Job terminated.
	(1) Normal termination (return value 0)
		Usr 0 00:00:00, Sys 0 00:00:04  -  Run Remote Usage
		Usr 0 00:00:00, Sys 0 00:00:00  -  Run Local Usage
		Usr 0 00:00:00, Sys 0 00:00:04  -  Total Remote Usage
		Usr 0 00:00:00, Sys 0 00:00:00  -  Total Local Usage
	7883  -  Run Bytes Sent By Job
	1163569  -  Run Bytes Received By Job
	7883  -  Total Bytes Sent By Job
	1163569  -  Total Bytes Received By Job
	Partitionable Resources :    Usage  Request Allocated 
	   Cpus                 :        0        1         1 
	   Disk (KB)            :     1250     1250   8844042 
	   Memory (MB)          :     1767        1      3909 
...
006 (037.001.000) 07/05 14:51:15 Image size of job updated: 3167136
	1770  -  MemoryUsage of job (MB)
	1811872  -  ResidentSetSize of job (KB)
...
005 (037.001.000) 07/05 14:51:15 Job terminated.
	(1) Normal termination (return value 0)
		Usr 0 00:00:00, Sys 0 00:00:04  -  Run Remote Usage
		Usr 0 00:00:00, Sys 0 00:00:00  -  Run Local Usage
		Usr 0 00:00:00, Sys 0 00:00:04  -  Total Remote Usage
		Usr 0 00:00:00, Sys 0 00:00:00  -  Total Local Usage
	24456  -  Run Bytes Sent By Job
	1296370  -  Run Bytes Received By Job
	24456  -  Total Bytes Sent By Job
	1296370  -  Total Bytes Received By Job
	Partitionable Resources :    Usage  Request Allocated 
	   Cpus                 :        0        1         1 
	   Disk (KB)            :     1500     1500   8844042 
	   Memory (MB)          :     1770        1      3909 
...
001 (037.003.000) 07/05 14:51:15 Job executing on host: <10.128.0.2:9618?addrs=10.128.0.2-9618&noUDP&sock=1551_6f7a_4>
...
001 (037.002.000) 07/05 14:51:16 Job executing on host: <10.128.0.2:9618?addrs=10.128.0.2-9618&noUDP&sock=1551_6f7a_4>
...
006 (037.003.000) 07/05 14:51:23 Image size of job updated: 3115536
	977  -  MemoryUsage of job (MB)
	999548  -  ResidentSetSize of job (KB)
...
006 (037.002.000) 07/05 14:51:24 Image size of job updated: 1184728
	1157  -  MemoryUsage of job (MB)
	1184728  -  ResidentSetSize of job (KB)
...
006 (037.002.000) 07/05 14:51:35 Image size of job updated: 3115536
	1157  -  MemoryUsage of job (MB)
	1184728  -  ResidentSetSize of job (KB)
...
005 (037.003.000) 07/05 14:51:35 Job terminated.
	(1) Normal termination (return value 0)
		Usr 0 00:00:00, Sys 0 00:00:01  -  Run Remote Usage
		Usr 0 00:00:00, Sys 0 00:00:00  -  Run Local Usage
		Usr 0 00:00:00, Sys 0 00:00:01  -  Total Remote Usage
		Usr 0 00:00:00, Sys 0 00:00:00  -  Total Local Usage
	28824  -  Run Bytes Sent By Job
	1296370  -  Run Bytes Received By Job
	28824  -  Total Bytes Sent By Job
	1296370  -  Total Bytes Received By Job
	Partitionable Resources :    Usage  Request Allocated 
	   Cpus                 :     0.07        1         1 
	   Disk (KB)            :  1500        1500   8844042 
	   Memory (MB)          :   977           1      3909 
...
005 (037.002.000) 07/05 14:51:35 Job terminated.
	(1) Normal termination (return value 0)
		Usr 0 00:00:00, Sys 0 00:00:01  -  Run Remote Usage
		Usr 0 00:00:00, Sys 0 00:00:00  -  Run Local Usage
		Usr 0 00:00:00, Sys 0 00:00:01  -  Total Remote Usage
		Usr 0 00:00:00, Sys 0 00:00:00  -  Total Local Usage
	28872  -  Run Bytes Sent By Job
	1296370  -  Run Bytes Received By Job
	28872  -  Total Bytes Sent By Job
	1296370  -  Total Bytes Received By Job
	Partitionable Resources :    Usage  Request Allocated 
	   Cpus                 :        0        1         1 
	   Disk (KB)            :     1500     1500   8844042 
	   Memory (MB)          :     1157        1      3909 
...
001 (037.004.000) 07/05 14:51:35 Job executing on host: <10.128.0.2:9618?addrs=10.128.0.2-9618&noUDP&sock=1551_6f7a_4>
...
006 (037.004.000) 07/05 14:51:44 Image size of job updated: 3115536
	1117  -  MemoryUsage of job (MB)
	1143676  -  ResidentSetSize of job (KB)
...
005 (037.004.000) 07/05 14:51:52 Job terminated.
	(1) Normal termination (return value 0)
		Usr 0 00:00:00, Sys 0 00:00:01  -  Run Remote Usage
		Usr 0 00:00:00, Sys 0 00:00:00  -  Run Local Usage
		Usr 0 00:00:00, Sys 0 00:00:01  -  Total Remote Usage
		Usr 0 00:00:00, Sys 0 00:00:00  -  Total Local Usage
	30264  -  Run Bytes Sent By Job
	1296370  -  Run Bytes Received By Job
	30264  -  Total Bytes Sent By Job
	1296370  -  Total Bytes Received By Job
	Partitionable Resources :    Usage  Request Allocated 
	   Cpus                 :        0        1         1 
	   Disk (KB)            :     1500     1500   8844042 
	   Memory (MB)          :     1117        1      3909 
...
