000 (038.000.000) 07/05 14:57:55 Job submitted from host: <10.128.0.2:9618?addrs=10.128.0.2-9618&noUDP&sock=1551_6f7a_5>
...
000 (038.001.000) 07/05 14:57:55 Job submitted from host: <10.128.0.2:9618?addrs=10.128.0.2-9618&noUDP&sock=1551_6f7a_5>
...
000 (038.002.000) 07/05 14:57:55 Job submitted from host: <10.128.0.2:9618?addrs=10.128.0.2-9618&noUDP&sock=1551_6f7a_5>
...
000 (038.003.000) 07/05 14:57:55 Job submitted from host: <10.128.0.2:9618?addrs=10.128.0.2-9618&noUDP&sock=1551_6f7a_5>
...
000 (038.004.000) 07/05 14:57:55 Job submitted from host: <10.128.0.2:9618?addrs=10.128.0.2-9618&noUDP&sock=1551_6f7a_5>
...
001 (038.000.000) 07/05 14:57:55 Job executing on host: <10.128.0.2:9618?addrs=10.128.0.2-9618&noUDP&sock=1551_6f7a_4>
...
001 (038.001.000) 07/05 14:57:55 Job executing on host: <10.128.0.2:9618?addrs=10.128.0.2-9618&noUDP&sock=1551_6f7a_4>
...
006 (038.000.000) 07/05 14:58:03 Image size of job updated: 3115536
	0  -  MemoryUsage of job (MB)
	0  -  ResidentSetSize of job (KB)
...
005 (038.000.000) 07/05 14:58:03 Job terminated.
	(1) Normal termination (return value 0)
		Usr 0 00:00:00, Sys 0 00:00:02  -  Run Remote Usage
		Usr 0 00:00:00, Sys 0 00:00:00  -  Run Local Usage
		Usr 0 00:00:00, Sys 0 00:00:02  -  Total Remote Usage
		Usr 0 00:00:00, Sys 0 00:00:00  -  Total Local Usage
	7882  -  Run Bytes Sent By Job
	1163588  -  Run Bytes Received By Job
	7882  -  Total Bytes Sent By Job
	1163588  -  Total Bytes Received By Job
	Partitionable Resources :    Usage  Request Allocated 
	   Cpus                 :        0        1         1 
	   Disk (KB)            :     1250     1250   8844042 
	   Memory (MB)          :        0        1      3909 
...
006 (038.001.000) 07/05 14:58:03 Image size of job updated: 3115932
	0  -  MemoryUsage of job (MB)
	0  -  ResidentSetSize of job (KB)
...
005 (038.001.000) 07/05 14:58:03 Job terminated.
	(1) Normal termination (return value 0)
		Usr 0 00:00:00, Sys 0 00:00:02  -  Run Remote Usage
		Usr 0 00:00:00, Sys 0 00:00:00  -  Run Local Usage
		Usr 0 00:00:00, Sys 0 00:00:02  -  Total Remote Usage
		Usr 0 00:00:00, Sys 0 00:00:00  -  Total Local Usage
	24455  -  Run Bytes Sent By Job
	1296389  -  Run Bytes Received By Job
	24455  -  Total Bytes Sent By Job
	1296389  -  Total Bytes Received By Job
	Partitionable Resources :    Usage  Request Allocated 
	   Cpus                 :        0        1         1 
	   Disk (KB)            :     1500     1500   8844042 
	   Memory (MB)          :        0        1      3909 
...
001 (038.002.000) 07/05 14:58:03 Job executing on host: <10.128.0.2:9618?addrs=10.128.0.2-9618&noUDP&sock=1551_6f7a_4>
...
001 (038.003.000) 07/05 14:58:03 Job executing on host: <10.128.0.2:9618?addrs=10.128.0.2-9618&noUDP&sock=1551_6f7a_4>
...
006 (038.002.000) 07/05 14:58:12 Image size of job updated: 1352872
	1322  -  MemoryUsage of job (MB)
	1352868  -  ResidentSetSize of job (KB)
...
006 (038.003.000) 07/05 14:58:12 Image size of job updated: 1358896
	1328  -  MemoryUsage of job (MB)
	1358896  -  ResidentSetSize of job (KB)
...
006 (038.003.000) 07/05 14:58:22 Image size of job updated: 3115536
	1328  -  MemoryUsage of job (MB)
	1358896  -  ResidentSetSize of job (KB)
...
006 (038.002.000) 07/05 14:58:22 Image size of job updated: 3115536
	1322  -  MemoryUsage of job (MB)
	1352868  -  ResidentSetSize of job (KB)
...
005 (038.003.000) 07/05 14:58:22 Job terminated.
	(1) Normal termination (return value 0)
		Usr 0 00:00:00, Sys 0 00:00:01  -  Run Remote Usage
		Usr 0 00:00:00, Sys 0 00:00:00  -  Run Local Usage
		Usr 0 00:00:00, Sys 0 00:00:01  -  Total Remote Usage
		Usr 0 00:00:00, Sys 0 00:00:00  -  Total Local Usage
	28824  -  Run Bytes Sent By Job
	1296389  -  Run Bytes Received By Job
	28824  -  Total Bytes Sent By Job
	1296389  -  Total Bytes Received By Job
	Partitionable Resources :    Usage  Request Allocated 
	   Cpus                 :        0        1         1 
	   Disk (KB)            :     1500     1500   8844042 
	   Memory (MB)          :     1328        1      3909 
...
005 (038.002.000) 07/05 14:58:23 Job terminated.
	(1) Normal termination (return value 0)
		Usr 0 00:00:00, Sys 0 00:00:01  -  Run Remote Usage
		Usr 0 00:00:00, Sys 0 00:00:00  -  Run Local Usage
		Usr 0 00:00:00, Sys 0 00:00:01  -  Total Remote Usage
		Usr 0 00:00:00, Sys 0 00:00:00  -  Total Local Usage
	28872  -  Run Bytes Sent By Job
	1296389  -  Run Bytes Received By Job
	28872  -  Total Bytes Sent By Job
	1296389  -  Total Bytes Received By Job
	Partitionable Resources :    Usage  Request Allocated 
	   Cpus                 :        0        1         1 
	   Disk (KB)            :     1500     1500   8844042 
	   Memory (MB)          :     1322        1      3909 
...
001 (038.004.000) 07/05 14:58:23 Job executing on host: <10.128.0.2:9618?addrs=10.128.0.2-9618&noUDP&sock=1551_6f7a_4>
...
006 (038.004.000) 07/05 14:58:31 Image size of job updated: 3115536
	1003  -  MemoryUsage of job (MB)
	1026312  -  ResidentSetSize of job (KB)
...
005 (038.004.000) 07/05 14:58:41 Job terminated.
	(1) Normal termination (return value 0)
		Usr 0 00:00:00, Sys 0 00:00:01  -  Run Remote Usage
		Usr 0 00:00:00, Sys 0 00:00:00  -  Run Local Usage
		Usr 0 00:00:00, Sys 0 00:00:01  -  Total Remote Usage
		Usr 0 00:00:00, Sys 0 00:00:00  -  Total Local Usage
	30264  -  Run Bytes Sent By Job
	1296389  -  Run Bytes Received By Job
	30264  -  Total Bytes Sent By Job
	1296389  -  Total Bytes Received By Job
	Partitionable Resources :    Usage  Request Allocated 
	   Cpus                 :        0        1         1 
	   Disk (KB)            :     1500     1500   8844042 
	   Memory (MB)          :     1003        1      3909 
...
