000 (030.000.000) 07/05 14:15:59 Job submitted from host: <10.128.0.2:9618?addrs=10.128.0.2-9618&noUDP&sock=1652_b68b_5>
...
000 (030.001.000) 07/05 14:15:59 Job submitted from host: <10.128.0.2:9618?addrs=10.128.0.2-9618&noUDP&sock=1652_b68b_5>
...
001 (030.000.000) 07/05 14:16:02 Job executing on host: <10.128.0.2:9618?addrs=10.128.0.2-9618&noUDP&sock=1652_b68b_4>
...
001 (030.001.000) 07/05 14:16:02 Job executing on host: <10.128.0.2:9618?addrs=10.128.0.2-9618&noUDP&sock=1652_b68b_4>
...
006 (030.000.000) 07/05 14:16:10 Image size of job updated: 993020
	970  -  MemoryUsage of job (MB)
	993020  -  ResidentSetSize of job (KB)
...
006 (030.001.000) 07/05 14:16:10 Image size of job updated: 995832
	973  -  MemoryUsage of job (MB)
	995832  -  ResidentSetSize of job (KB)
...
006 (030.000.000) 07/05 14:16:18 Image size of job updated: 3115536
	971  -  MemoryUsage of job (MB)
	993532  -  ResidentSetSize of job (KB)
...
005 (030.000.000) 07/05 14:16:18 Job terminated.
	(1) Normal termination (return value 0)
		Usr 0 00:00:00, Sys 0 00:00:01  -  Run Remote Usage
		Usr 0 00:00:00, Sys 0 00:00:00  -  Run Local Usage
		Usr 0 00:00:00, Sys 0 00:00:01  -  Total Remote Usage
		Usr 0 00:00:00, Sys 0 00:00:00  -  Total Local Usage
	576  -  Run Bytes Sent By Job
	1163557  -  Run Bytes Received By Job
	576  -  Total Bytes Sent By Job
	1163557  -  Total Bytes Received By Job
	Partitionable Resources :    Usage  Request Allocated 
	   Cpus                 :        0        1         1 
	   Disk (KB)            :     1250     1250   8845056 
	   Memory (MB)          :      971        1      1893 
...
006 (030.001.000) 07/05 14:16:29 Image size of job updated: 3115536
	973  -  MemoryUsage of job (MB)
	996016  -  ResidentSetSize of job (KB)
...
005 (030.001.000) 07/05 14:16:29 Job terminated.
	(1) Normal termination (return value 0)
		Usr 0 00:00:00, Sys 0 00:00:02  -  Run Remote Usage
		Usr 0 00:00:00, Sys 0 00:00:00  -  Run Local Usage
		Usr 0 00:00:00, Sys 0 00:00:02  -  Total Remote Usage
		Usr 0 00:00:00, Sys 0 00:00:00  -  Total Local Usage
	24450  -  Run Bytes Sent By Job
	1296358  -  Run Bytes Received By Job
	24450  -  Total Bytes Sent By Job
	1296358  -  Total Bytes Received By Job
	Partitionable Resources :    Usage  Request Allocated 
	   Cpus                 :     0.12        1         1 
	   Disk (KB)            :  1500        1500   8845056 
	   Memory (MB)          :   973           1      1893 
...
