000 (033.000.000) 07/05 14:34:56 Job submitted from host: <10.128.0.2:9618?addrs=10.128.0.2-9618&noUDP&sock=1551_6f7a_5>
...
000 (033.001.000) 07/05 14:34:56 Job submitted from host: <10.128.0.2:9618?addrs=10.128.0.2-9618&noUDP&sock=1551_6f7a_5>
...
000 (033.002.000) 07/05 14:34:56 Job submitted from host: <10.128.0.2:9618?addrs=10.128.0.2-9618&noUDP&sock=1551_6f7a_5>
...
000 (033.003.000) 07/05 14:34:56 Job submitted from host: <10.128.0.2:9618?addrs=10.128.0.2-9618&noUDP&sock=1551_6f7a_5>
...
000 (033.004.000) 07/05 14:34:56 Job submitted from host: <10.128.0.2:9618?addrs=10.128.0.2-9618&noUDP&sock=1551_6f7a_5>
...
001 (033.000.000) 07/05 14:34:57 Job executing on host: <10.128.0.2:9618?addrs=10.128.0.2-9618&noUDP&sock=1551_6f7a_4>
...
001 (033.001.000) 07/05 14:34:57 Job executing on host: <10.128.0.2:9618?addrs=10.128.0.2-9618&noUDP&sock=1551_6f7a_4>
...
006 (033.000.000) 07/05 14:35:04 Image size of job updated: 2771168
	0  -  MemoryUsage of job (MB)
	0  -  ResidentSetSize of job (KB)
...
005 (033.000.000) 07/05 14:35:04 Job terminated.
	(1) Normal termination (return value 0)
		Usr 0 00:00:00, Sys 0 00:00:01  -  Run Remote Usage
		Usr 0 00:00:00, Sys 0 00:00:00  -  Run Local Usage
		Usr 0 00:00:00, Sys 0 00:00:01  -  Total Remote Usage
		Usr 0 00:00:00, Sys 0 00:00:00  -  Total Local Usage
	7882  -  Run Bytes Sent By Job
	1163569  -  Run Bytes Received By Job
	7882  -  Total Bytes Sent By Job
	1163569  -  Total Bytes Received By Job
	Partitionable Resources :    Usage  Request Allocated 
	   Cpus                 :        0        1         1 
	   Disk (KB)            :     1250     1250   8844042 
	   Memory (MB)          :        0        1      3909 
...
006 (033.001.000) 07/05 14:35:04 Image size of job updated: 3167136
	0  -  MemoryUsage of job (MB)
	0  -  ResidentSetSize of job (KB)
...
005 (033.001.000) 07/05 14:35:04 Job terminated.
	(1) Normal termination (return value 0)
		Usr 0 00:00:00, Sys 0 00:00:01  -  Run Remote Usage
		Usr 0 00:00:00, Sys 0 00:00:00  -  Run Local Usage
		Usr 0 00:00:00, Sys 0 00:00:01  -  Total Remote Usage
		Usr 0 00:00:00, Sys 0 00:00:00  -  Total Local Usage
	24455  -  Run Bytes Sent By Job
	1296370  -  Run Bytes Received By Job
	24455  -  Total Bytes Sent By Job
	1296370  -  Total Bytes Received By Job
	Partitionable Resources :    Usage  Request Allocated 
	   Cpus                 :     0.01        1         1 
	   Disk (KB)            :  1500        1500   8844042 
	   Memory (MB)          :     0           1      3909 
...
001 (033.002.000) 07/05 14:35:05 Job executing on host: <10.128.0.2:9618?addrs=10.128.0.2-9618&noUDP&sock=1551_6f7a_4>
...
001 (033.003.000) 07/05 14:35:05 Job executing on host: <10.128.0.2:9618?addrs=10.128.0.2-9618&noUDP&sock=1551_6f7a_4>
...
006 (033.002.000) 07/05 14:35:13 Image size of job updated: 3115536
	1316  -  MemoryUsage of job (MB)
	1347196  -  ResidentSetSize of job (KB)
...
006 (033.003.000) 07/05 14:35:13 Image size of job updated: 3115536
	1320  -  MemoryUsage of job (MB)
	1350684  -  ResidentSetSize of job (KB)
...
005 (033.003.000) 07/05 14:35:23 Job terminated.
	(1) Normal termination (return value 0)
		Usr 0 00:00:00, Sys 0 00:00:01  -  Run Remote Usage
		Usr 0 00:00:00, Sys 0 00:00:00  -  Run Local Usage
		Usr 0 00:00:00, Sys 0 00:00:01  -  Total Remote Usage
		Usr 0 00:00:00, Sys 0 00:00:00  -  Total Local Usage
	28824  -  Run Bytes Sent By Job
	1296370  -  Run Bytes Received By Job
	28824  -  Total Bytes Sent By Job
	1296370  -  Total Bytes Received By Job
	Partitionable Resources :    Usage  Request Allocated 
	   Cpus                 :        0        1         1 
	   Disk (KB)            :     1500     1500   8844042 
	   Memory (MB)          :     1320        1      3909 
...
005 (033.002.000) 07/05 14:35:23 Job terminated.
	(1) Normal termination (return value 0)
		Usr 0 00:00:00, Sys 0 00:00:01  -  Run Remote Usage
		Usr 0 00:00:00, Sys 0 00:00:00  -  Run Local Usage
		Usr 0 00:00:00, Sys 0 00:00:01  -  Total Remote Usage
		Usr 0 00:00:00, Sys 0 00:00:00  -  Total Local Usage
	28872  -  Run Bytes Sent By Job
	1296370  -  Run Bytes Received By Job
	28872  -  Total Bytes Sent By Job
	1296370  -  Total Bytes Received By Job
	Partitionable Resources :    Usage  Request Allocated 
	   Cpus                 :        0        1         1 
	   Disk (KB)            :     1500     1500   8844042 
	   Memory (MB)          :     1316        1      3909 
...
001 (033.004.000) 07/05 14:35:25 Job executing on host: <10.128.0.2:9618?addrs=10.128.0.2-9618&noUDP&sock=1551_6f7a_4>
...
006 (033.004.000) 07/05 14:35:33 Image size of job updated: 3115536
	1155  -  MemoryUsage of job (MB)
	1181836  -  ResidentSetSize of job (KB)
...
006 (033.004.000) 07/05 14:35:41 Image size of job updated: 3167136
	1157  -  MemoryUsage of job (MB)
	1183884  -  ResidentSetSize of job (KB)
...
005 (033.004.000) 07/05 14:35:41 Job terminated.
	(1) Normal termination (return value 0)
		Usr 0 00:00:00, Sys 0 00:00:01  -  Run Remote Usage
		Usr 0 00:00:00, Sys 0 00:00:00  -  Run Local Usage
		Usr 0 00:00:00, Sys 0 00:00:01  -  Total Remote Usage
		Usr 0 00:00:00, Sys 0 00:00:00  -  Total Local Usage
	30264  -  Run Bytes Sent By Job
	1296370  -  Run Bytes Received By Job
	30264  -  Total Bytes Sent By Job
	1296370  -  Total Bytes Received By Job
	Partitionable Resources :    Usage  Request Allocated 
	   Cpus                 :        0        1         1 
	   Disk (KB)            :     1500     1500   8844042 
	   Memory (MB)          :     1157        1      3909 
...
