000 (032.000.000) 07/05 14:30:33 Job submitted from host: <10.128.0.2:9618?addrs=10.128.0.2-9618&noUDP&sock=1551_6f7a_5>
...
000 (032.001.000) 07/05 14:30:33 Job submitted from host: <10.128.0.2:9618?addrs=10.128.0.2-9618&noUDP&sock=1551_6f7a_5>
...
000 (032.002.000) 07/05 14:30:33 Job submitted from host: <10.128.0.2:9618?addrs=10.128.0.2-9618&noUDP&sock=1551_6f7a_5>
...
000 (032.003.000) 07/05 14:30:33 Job submitted from host: <10.128.0.2:9618?addrs=10.128.0.2-9618&noUDP&sock=1551_6f7a_5>
...
000 (032.004.000) 07/05 14:30:33 Job submitted from host: <10.128.0.2:9618?addrs=10.128.0.2-9618&noUDP&sock=1551_6f7a_5>
...
001 (032.000.000) 07/05 14:30:33 Job executing on host: <10.128.0.2:9618?addrs=10.128.0.2-9618&noUDP&sock=1551_6f7a_4>
...
001 (032.001.000) 07/05 14:30:33 Job executing on host: <10.128.0.2:9618?addrs=10.128.0.2-9618&noUDP&sock=1551_6f7a_4>
...
006 (032.000.000) 07/05 14:30:42 Image size of job updated: 1114736
	1089  -  MemoryUsage of job (MB)
	1114736  -  ResidentSetSize of job (KB)
...
006 (032.001.000) 07/05 14:30:42 Image size of job updated: 1117304
	1092  -  MemoryUsage of job (MB)
	1117304  -  ResidentSetSize of job (KB)
...
006 (032.000.000) 07/05 14:30:54 Image size of job updated: 3115536
	1089  -  MemoryUsage of job (MB)
	1114736  -  ResidentSetSize of job (KB)
...
005 (032.000.000) 07/05 14:30:54 Job terminated.
	(1) Normal termination (return value 0)
		Usr 0 00:00:00, Sys 0 00:00:01  -  Run Remote Usage
		Usr 0 00:00:00, Sys 0 00:00:00  -  Run Local Usage
		Usr 0 00:00:00, Sys 0 00:00:01  -  Total Remote Usage
		Usr 0 00:00:00, Sys 0 00:00:00  -  Total Local Usage
	7877  -  Run Bytes Sent By Job
	1163557  -  Run Bytes Received By Job
	7877  -  Total Bytes Sent By Job
	1163557  -  Total Bytes Received By Job
	Partitionable Resources :    Usage  Request Allocated 
	   Cpus                 :        0        1         1 
	   Disk (KB)            :     1250     1250   8844042 
	   Memory (MB)          :     1089        1      3909 
...
006 (032.001.000) 07/05 14:30:54 Image size of job updated: 3167136
	1092  -  MemoryUsage of job (MB)
	1117304  -  ResidentSetSize of job (KB)
...
005 (032.001.000) 07/05 14:30:54 Job terminated.
	(1) Normal termination (return value 0)
		Usr 0 00:00:00, Sys 0 00:00:01  -  Run Remote Usage
		Usr 0 00:00:00, Sys 0 00:00:00  -  Run Local Usage
		Usr 0 00:00:00, Sys 0 00:00:01  -  Total Remote Usage
		Usr 0 00:00:00, Sys 0 00:00:00  -  Total Local Usage
	24450  -  Run Bytes Sent By Job
	1296358  -  Run Bytes Received By Job
	24450  -  Total Bytes Sent By Job
	1296358  -  Total Bytes Received By Job
	Partitionable Resources :    Usage  Request Allocated 
	   Cpus                 :     0.16        1         1 
	   Disk (KB)            :  1500        1500   8844042 
	   Memory (MB)          :  1092           1      3909 
...
001 (032.002.000) 07/05 14:30:55 Job executing on host: <10.128.0.2:9618?addrs=10.128.0.2-9618&noUDP&sock=1551_6f7a_4>
...
001 (032.003.000) 07/05 14:30:55 Job executing on host: <10.128.0.2:9618?addrs=10.128.0.2-9618&noUDP&sock=1551_6f7a_4>
...
006 (032.002.000) 07/05 14:31:03 Image size of job updated: 3115536
	973  -  MemoryUsage of job (MB)
	995948  -  ResidentSetSize of job (KB)
...
006 (032.003.000) 07/05 14:31:03 Image size of job updated: 3115536
	977  -  MemoryUsage of job (MB)
	999444  -  ResidentSetSize of job (KB)
...
005 (032.002.000) 07/05 14:31:15 Job terminated.
	(1) Normal termination (return value 0)
		Usr 0 00:00:00, Sys 0 00:00:01  -  Run Remote Usage
		Usr 0 00:00:00, Sys 0 00:00:00  -  Run Local Usage
		Usr 0 00:00:00, Sys 0 00:00:01  -  Total Remote Usage
		Usr 0 00:00:00, Sys 0 00:00:00  -  Total Local Usage
	28866  -  Run Bytes Sent By Job
	1296358  -  Run Bytes Received By Job
	28866  -  Total Bytes Sent By Job
	1296358  -  Total Bytes Received By Job
	Partitionable Resources :    Usage  Request Allocated 
	   Cpus                 :        0        1         1 
	   Disk (KB)            :     1500     1500   8844042 
	   Memory (MB)          :      973        1      3909 
...
005 (032.003.000) 07/05 14:31:15 Job terminated.
	(1) Normal termination (return value 0)
		Usr 0 00:00:00, Sys 0 00:00:01  -  Run Remote Usage
		Usr 0 00:00:00, Sys 0 00:00:00  -  Run Local Usage
		Usr 0 00:00:00, Sys 0 00:00:01  -  Total Remote Usage
		Usr 0 00:00:00, Sys 0 00:00:00  -  Total Local Usage
	28818  -  Run Bytes Sent By Job
	1296358  -  Run Bytes Received By Job
	28818  -  Total Bytes Sent By Job
	1296358  -  Total Bytes Received By Job
	Partitionable Resources :    Usage  Request Allocated 
	   Cpus                 :        0        1         1 
	   Disk (KB)            :     1500     1500   8844042 
	   Memory (MB)          :      977        1      3909 
...
001 (032.004.000) 07/05 14:31:15 Job executing on host: <10.128.0.2:9618?addrs=10.128.0.2-9618&noUDP&sock=1551_6f7a_4>
...
006 (032.004.000) 07/05 14:31:24 Image size of job updated: 3115536
	967  -  MemoryUsage of job (MB)
	989812  -  ResidentSetSize of job (KB)
...
005 (032.004.000) 07/05 14:31:32 Job terminated.
	(1) Normal termination (return value 0)
		Usr 0 00:00:00, Sys 0 00:00:01  -  Run Remote Usage
		Usr 0 00:00:00, Sys 0 00:00:00  -  Run Local Usage
		Usr 0 00:00:00, Sys 0 00:00:01  -  Total Remote Usage
		Usr 0 00:00:00, Sys 0 00:00:00  -  Total Local Usage
	30258  -  Run Bytes Sent By Job
	1296358  -  Run Bytes Received By Job
	30258  -  Total Bytes Sent By Job
	1296358  -  Total Bytes Received By Job
	Partitionable Resources :    Usage  Request Allocated 
	   Cpus                 :        0        1         1 
	   Disk (KB)            :     1500     1500   8844042 
	   Memory (MB)          :      967        1      3909 
...
