000 (031.000.000) 07/05 14:27:57 Job submitted from host: <10.128.0.2:9618?addrs=10.128.0.2-9618&noUDP&sock=1551_6f7a_5>
...
000 (031.001.000) 07/05 14:27:57 Job submitted from host: <10.128.0.2:9618?addrs=10.128.0.2-9618&noUDP&sock=1551_6f7a_5>
...
001 (031.000.000) 07/05 14:27:57 Job executing on host: <10.128.0.2:9618?addrs=10.128.0.2-9618&noUDP&sock=1551_6f7a_4>
...
001 (031.001.000) 07/05 14:27:57 Job executing on host: <10.128.0.2:9618?addrs=10.128.0.2-9618&noUDP&sock=1551_6f7a_4>
...
006 (031.000.000) 07/05 14:28:06 Image size of job updated: 1095336
	1070  -  MemoryUsage of job (MB)
	1095336  -  ResidentSetSize of job (KB)
...
006 (031.001.000) 07/05 14:28:06 Image size of job updated: 1097120
	1072  -  MemoryUsage of job (MB)
	1097120  -  ResidentSetSize of job (KB)
...
006 (031.000.000) 07/05 14:28:23 Image size of job updated: 3115536
	1070  -  MemoryUsage of job (MB)
	1095336  -  ResidentSetSize of job (KB)
...
005 (031.000.000) 07/05 14:28:23 Job terminated.
	(1) Normal termination (return value 0)
		Usr 0 00:00:00, Sys 0 00:00:01  -  Run Remote Usage
		Usr 0 00:00:00, Sys 0 00:00:00  -  Run Local Usage
		Usr 0 00:00:00, Sys 0 00:00:01  -  Total Remote Usage
		Usr 0 00:00:00, Sys 0 00:00:00  -  Total Local Usage
	7877  -  Run Bytes Sent By Job
	1163557  -  Run Bytes Received By Job
	7877  -  Total Bytes Sent By Job
	1163557  -  Total Bytes Received By Job
	Partitionable Resources :    Usage  Request Allocated 
	   Cpus                 :        0        1         1 
	   Disk (KB)            :     1250     1250   8844042 
	   Memory (MB)          :     1070        1      3909 
...
006 (031.001.000) 07/05 14:28:23 Image size of job updated: 3167136
	1072  -  MemoryUsage of job (MB)
	1097120  -  ResidentSetSize of job (KB)
...
005 (031.001.000) 07/05 14:28:23 Job terminated.
	(1) Normal termination (return value 0)
		Usr 0 00:00:00, Sys 0 00:00:01  -  Run Remote Usage
		Usr 0 00:00:00, Sys 0 00:00:00  -  Run Local Usage
		Usr 0 00:00:00, Sys 0 00:00:01  -  Total Remote Usage
		Usr 0 00:00:00, Sys 0 00:00:00  -  Total Local Usage
	24450  -  Run Bytes Sent By Job
	1296358  -  Run Bytes Received By Job
	24450  -  Total Bytes Sent By Job
	1296358  -  Total Bytes Received By Job
	Partitionable Resources :    Usage  Request Allocated 
	   Cpus                 :     0.13        1         1 
	   Disk (KB)            :  1500        1500   8844042 
	   Memory (MB)          :  1072           1      3909 
...
